This is pdfTeX, Version 3.14159265-2.6-1.40.19 (TeX Live 2018) (preloaded format=pdflatex 2018.4.16)  6 OCT 2018 18:01
entering extended mode
 \write18 enabled.
 %&-line parsing enabled.
**main.tex
(./main.tex
LaTeX2e <2018-04-01> patch level 2
Babel <3.18> and hyphenation patterns for 84 language(s) loaded.
(/usr/local/texlive/2018/texmf-dist/tex/latex/base/article.cls
Document Class: article 2014/09/29 v1.4h Standard LaTeX document class
(/usr/local/texlive/2018/texmf-dist/tex/latex/base/size10.clo
File: size10.clo 2014/09/29 v1.4h Standard LaTeX file (size option)
)
\c@part=\count80
\c@section=\count81
\c@subsection=\count82
\c@subsubsection=\count83
\c@paragraph=\count84
\c@subparagraph=\count85
\c@figure=\count86
\c@table=\count87
\abovecaptionskip=\skip41
\belowcaptionskip=\skip42
\bibindent=\dimen102
)
(/usr/local/texlive/2018/texmf-dist/tex/latex/amsmath/amsmath.sty
Package: amsmath 2017/09/02 v2.17a AMS math features
\@mathmargin=\skip43

For additional information on amsmath, use the `?' option.
(/usr/local/texlive/2018/texmf-dist/tex/latex/amsmath/amstext.sty
Package: amstext 2000/06/29 v2.01 AMS text

(/usr/local/texlive/2018/texmf-dist/tex/latex/amsmath/amsgen.sty
File: amsgen.sty 1999/11/30 v2.0 generic functions
\@emptytoks=\toks14
\ex@=\dimen103
))
(/usr/local/texlive/2018/texmf-dist/tex/latex/amsmath/amsbsy.sty
Package: amsbsy 1999/11/29 v1.2d Bold Symbols
\pmbraise@=\dimen104
)
(/usr/local/texlive/2018/texmf-dist/tex/latex/amsmath/amsopn.sty
Package: amsopn 2016/03/08 v2.02 operator names
)
\inf@bad=\count88
LaTeX Info: Redefining \frac on input line 213.
\uproot@=\count89
\leftroot@=\count90
LaTeX Info: Redefining \overline on input line 375.
\classnum@=\count91
\DOTSCASE@=\count92
LaTeX Info: Redefining \ldots on input line 472.
LaTeX Info: Redefining \dots on input line 475.
LaTeX Info: Redefining \cdots on input line 596.
\Mathstrutbox@=\box26
\strutbox@=\box27
\big@size=\dimen105
LaTeX Font Info:    Redeclaring font encoding OML on input line 712.
LaTeX Font Info:    Redeclaring font encoding OMS on input line 713.
\macc@depth=\count93
\c@MaxMatrixCols=\count94
\dotsspace@=\muskip10
\c@parentequation=\count95
\dspbrk@lvl=\count96
\tag@help=\toks15
\row@=\count97
\column@=\count98
\maxfields@=\count99
\andhelp@=\toks16
\eqnshift@=\dimen106
\alignsep@=\dimen107
\tagshift@=\dimen108
\tagwidth@=\dimen109
\totwidth@=\dimen110
\lineht@=\dimen111
\@envbody=\toks17
\multlinegap=\skip44
\multlinetaggap=\skip45
\mathdisplay@stack=\toks18
LaTeX Info: Redefining \[ on input line 2817.
LaTeX Info: Redefining \] on input line 2818.
)
(/usr/local/texlive/2018/texmf-dist/tex/latex/hyperref/hyperref.sty
Package: hyperref 2018/02/06 v6.86b Hypertext links for LaTeX

(/usr/local/texlive/2018/texmf-dist/tex/generic/oberdiek/hobsub-hyperref.sty
Package: hobsub-hyperref 2016/05/16 v1.14 Bundle oberdiek, subset hyperref (HO)


(/usr/local/texlive/2018/texmf-dist/tex/generic/oberdiek/hobsub-generic.sty
Package: hobsub-generic 2016/05/16 v1.14 Bundle oberdiek, subset generic (HO)
Package: hobsub 2016/05/16 v1.14 Construct package bundles (HO)
Package: infwarerr 2016/05/16 v1.4 Providing info/warning/error messages (HO)
Package: ltxcmds 2016/05/16 v1.23 LaTeX kernel commands for general use (HO)
Package: ifluatex 2016/05/16 v1.4 Provides the ifluatex switch (HO)
Package ifluatex Info: LuaTeX not detected.
Package: ifvtex 2016/05/16 v1.6 Detect VTeX and its facilities (HO)
Package ifvtex Info: VTeX not detected.
Package: intcalc 2016/05/16 v1.2 Expandable calculations with integers (HO)
Package: ifpdf 2017/03/15 v3.2 Provides the ifpdf switch
Package: etexcmds 2016/05/16 v1.6 Avoid name clashes with e-TeX commands (HO)
Package etexcmds Info: Could not find \expanded.
(etexcmds)             That can mean that you are not using pdfTeX 1.50 or
(etexcmds)             that some package has redefined \expanded.
(etexcmds)             In the latter case, load this package earlier.
Package: kvsetkeys 2016/05/16 v1.17 Key value parser (HO)
Package: kvdefinekeys 2016/05/16 v1.4 Define keys (HO)
Package: pdftexcmds 2018/01/30 v0.27 Utility functions of pdfTeX for LuaTeX (HO
)
Package pdftexcmds Info: LuaTeX not detected.
Package pdftexcmds Info: \pdf@primitive is available.
Package pdftexcmds Info: \pdf@ifprimitive is available.
Package pdftexcmds Info: \pdfdraftmode found.
Package: pdfescape 2016/05/16 v1.14 Implements pdfTeX's escape features (HO)
Package: bigintcalc 2016/05/16 v1.4 Expandable calculations on big integers (HO
)
Package: bitset 2016/05/16 v1.2 Handle bit-vector datatype (HO)
Package: uniquecounter 2016/05/16 v1.3 Provide unlimited unique counter (HO)
)
Package hobsub Info: Skipping package `hobsub' (already loaded).
Package: letltxmacro 2016/05/16 v1.5 Let assignment for LaTeX macros (HO)
Package: hopatch 2016/05/16 v1.3 Wrapper for package hooks (HO)
Package: xcolor-patch 2016/05/16 xcolor patch
Package: atveryend 2016/05/16 v1.9 Hooks at the very end of document (HO)
Package atveryend Info: \enddocument detected (standard20110627).
Package: atbegshi 2016/06/09 v1.18 At begin shipout hook (HO)
Package: refcount 2016/05/16 v3.5 Data extraction from label references (HO)
Package: hycolor 2016/05/16 v1.8 Color options for hyperref/bookmark (HO)
)
(/usr/local/texlive/2018/texmf-dist/tex/latex/graphics/keyval.sty
Package: keyval 2014/10/28 v1.15 key=value parser (DPC)
\KV@toks@=\toks19
)
(/usr/local/texlive/2018/texmf-dist/tex/generic/ifxetex/ifxetex.sty
Package: ifxetex 2010/09/12 v0.6 Provides ifxetex conditional
)
(/usr/local/texlive/2018/texmf-dist/tex/latex/oberdiek/auxhook.sty
Package: auxhook 2016/05/16 v1.4 Hooks for auxiliary files (HO)
)
(/usr/local/texlive/2018/texmf-dist/tex/latex/oberdiek/kvoptions.sty
Package: kvoptions 2016/05/16 v3.12 Key value format for package options (HO)
)
\@linkdim=\dimen112
\Hy@linkcounter=\count100
\Hy@pagecounter=\count101

(/usr/local/texlive/2018/texmf-dist/tex/latex/hyperref/pd1enc.def
File: pd1enc.def 2018/02/06 v6.86b Hyperref: PDFDocEncoding definition (HO)
Now handling font encoding PD1 ...
... no UTF-8 mapping file for font encoding PD1
)
\Hy@SavedSpaceFactor=\count102

(/usr/local/texlive/2018/texmf-dist/tex/latex/latexconfig/hyperref.cfg
File: hyperref.cfg 2002/06/06 v1.2 hyperref configuration of TeXLive
)
Package hyperref Info: Hyper figures OFF on input line 4509.
Package hyperref Info: Link nesting OFF on input line 4514.
Package hyperref Info: Hyper index ON on input line 4517.
Package hyperref Info: Plain pages OFF on input line 4524.
Package hyperref Info: Backreferencing OFF on input line 4529.
Package hyperref Info: Implicit mode ON; LaTeX internals redefined.
Package hyperref Info: Bookmarks ON on input line 4762.
\c@Hy@tempcnt=\count103

(/usr/local/texlive/2018/texmf-dist/tex/latex/url/url.sty
\Urlmuskip=\muskip11
Package: url 2013/09/16  ver 3.4  Verb mode for urls, etc.
)
LaTeX Info: Redefining \url on input line 5115.
\XeTeXLinkMargin=\dimen113
\Fld@menulength=\count104
\Field@Width=\dimen114
\Fld@charsize=\dimen115
Package hyperref Info: Hyper figures OFF on input line 6369.
Package hyperref Info: Link nesting OFF on input line 6374.
Package hyperref Info: Hyper index ON on input line 6377.
Package hyperref Info: backreferencing OFF on input line 6384.
Package hyperref Info: Link coloring OFF on input line 6389.
Package hyperref Info: Link coloring with OCG OFF on input line 6394.
Package hyperref Info: PDF/A mode OFF on input line 6399.
LaTeX Info: Redefining \ref on input line 6439.
LaTeX Info: Redefining \pageref on input line 6443.
\Hy@abspage=\count105
\c@Item=\count106
\c@Hfootnote=\count107
)
Package hyperref Info: Driver (autodetected): hpdftex.

(/usr/local/texlive/2018/texmf-dist/tex/latex/hyperref/hpdftex.def
File: hpdftex.def 2018/02/06 v6.86b Hyperref driver for pdfTeX
\Fld@listcount=\count108
\c@bookmark@seq@number=\count109

(/usr/local/texlive/2018/texmf-dist/tex/latex/oberdiek/rerunfilecheck.sty
Package: rerunfilecheck 2016/05/16 v1.8 Rerun checks for auxiliary files (HO)
Package uniquecounter Info: New unique counter `rerunfilecheck' on input line 2
82.
)
\Hy@SectionHShift=\skip46
)
(/usr/local/texlive/2018/texmf-dist/tex/latex/graphics/graphicx.sty
Package: graphicx 2017/06/01 v1.1a Enhanced LaTeX Graphics (DPC,SPQR)

(/usr/local/texlive/2018/texmf-dist/tex/latex/graphics/graphics.sty
Package: graphics 2017/06/25 v1.2c Standard LaTeX Graphics (DPC,SPQR)

(/usr/local/texlive/2018/texmf-dist/tex/latex/graphics/trig.sty
Package: trig 2016/01/03 v1.10 sin cos tan (DPC)
)
(/usr/local/texlive/2018/texmf-dist/tex/latex/graphics-cfg/graphics.cfg
File: graphics.cfg 2016/06/04 v1.11 sample graphics configuration
)
Package graphics Info: Driver file: pdftex.def on input line 99.

(/usr/local/texlive/2018/texmf-dist/tex/latex/graphics-def/pdftex.def
File: pdftex.def 2018/01/08 v1.0l Graphics/color driver for pdftex
))
\Gin@req@height=\dimen116
\Gin@req@width=\dimen117
)
(/usr/local/texlive/2018/texmf-dist/tex/latex/listings/listings.sty
\lst@mode=\count110
\lst@gtempboxa=\box28
\lst@token=\toks20
\lst@length=\count111
\lst@currlwidth=\dimen118
\lst@column=\count112
\lst@pos=\count113
\lst@lostspace=\dimen119
\lst@width=\dimen120
\lst@newlines=\count114
\lst@lineno=\count115
\lst@maxwidth=\dimen121

(/usr/local/texlive/2018/texmf-dist/tex/latex/listings/lstmisc.sty
File: lstmisc.sty 2015/06/04 1.6 (Carsten Heinz)
\c@lstnumber=\count116
\lst@skipnumbers=\count117
\lst@framebox=\box29
)
(/usr/local/texlive/2018/texmf-dist/tex/latex/listings/listings.cfg
File: listings.cfg 2015/06/04 1.6 listings configuration
))
Package: listings 2015/06/04 1.6 (Carsten Heinz)

(/usr/local/texlive/2018/texmf-dist/tex/latex/graphics/color.sty
Package: color 2016/07/10 v1.1e Standard LaTeX Color (DPC)

(/usr/local/texlive/2018/texmf-dist/tex/latex/graphics-cfg/color.cfg
File: color.cfg 2016/01/02 v1.6 sample color configuration
)
Package color Info: Driver file: pdftex.def on input line 147.
)
(./main.aux

LaTeX Warning: Label `fig:1' multiply defined.


LaTeX Warning: Label `fig:1' multiply defined.


LaTeX Warning: Label `fig:1' multiply defined.


LaTeX Warning: Label `fig:1' multiply defined.


LaTeX Warning: Label `fig:1' multiply defined.


LaTeX Warning: Label `fig:1' multiply defined.


LaTeX Warning: Label `fig:1' multiply defined.


LaTeX Warning: Label `fig:1' multiply defined.


LaTeX Warning: Label `fig:1' multiply defined.


LaTeX Warning: Label `fig:1' multiply defined.


LaTeX Warning: Label `fig:1' multiply defined.


LaTeX Warning: Label `fig:1' multiply defined.


LaTeX Warning: Label `fig:1' multiply defined.


LaTeX Warning: Label `fig:1' multiply defined.


LaTeX Warning: Label `fig:1' multiply defined.


LaTeX Warning: Label `fig:1' multiply defined.


LaTeX Warning: Label `fig:1' multiply defined.


LaTeX Warning: Label `fig:1' multiply defined.


LaTeX Warning: Label `fig:1' multiply defined.


LaTeX Warning: Label `fig:1' multiply defined.


LaTeX Warning: Label `fig:1' multiply defined.


LaTeX Warning: Label `fig:1' multiply defined.


LaTeX Warning: Label `fig:1' multiply defined.


LaTeX Warning: Label `fig:1' multiply defined.


LaTeX Warning: Label `fig:1' multiply defined.

)
\openout1 = `main.aux'.

LaTeX Font Info:    Checking defaults for OML/cmm/m/it on input line 41.
LaTeX Font Info:    ... okay on input line 41.
LaTeX Font Info:    Checking defaults for T1/cmr/m/n on input line 41.
LaTeX Font Info:    ... okay on input line 41.
LaTeX Font Info:    Checking defaults for OT1/cmr/m/n on input line 41.
LaTeX Font Info:    ... okay on input line 41.
LaTeX Font Info:    Checking defaults for OMS/cmsy/m/n on input line 41.
LaTeX Font Info:    ... okay on input line 41.
LaTeX Font Info:    Checking defaults for OMX/cmex/m/n on input line 41.
LaTeX Font Info:    ... okay on input line 41.
LaTeX Font Info:    Checking defaults for U/cmr/m/n on input line 41.
LaTeX Font Info:    ... okay on input line 41.
LaTeX Font Info:    Checking defaults for PD1/pdf/m/n on input line 41.
LaTeX Font Info:    ... okay on input line 41.
\AtBeginShipoutBox=\box30
Package hyperref Info: Link coloring OFF on input line 41.
 (/usr/local/texlive/2018/texmf-dist/tex/latex/hyperref/nameref.sty
Package: nameref 2016/05/21 v2.44 Cross-referencing by name of section

(/usr/local/texlive/2018/texmf-dist/tex/generic/oberdiek/gettitlestring.sty
Package: gettitlestring 2016/05/16 v1.5 Cleanup title references (HO)
)
\c@section@level=\count118
)
LaTeX Info: Redefining \ref on input line 41.
LaTeX Info: Redefining \pageref on input line 41.
LaTeX Info: Redefining \nameref on input line 41.

(./main.out) (./main.out)
\@outlinefile=\write3
\openout3 = `main.out'.


(/usr/local/texlive/2018/texmf-dist/tex/context/base/mkii/supp-pdf.mkii
[Loading MPS to PDF converter (version 2006.09.02).]
\scratchcounter=\count119
\scratchdimen=\dimen122
\scratchbox=\box31
\nofMPsegments=\count120
\nofMParguments=\count121
\everyMPshowfont=\toks21
\MPscratchCnt=\count122
\MPscratchDim=\dimen123
\MPnumerator=\count123
\makeMPintoPDFobject=\count124
\everyMPtoPDFconversion=\toks22
) (/usr/local/texlive/2018/texmf-dist/tex/latex/oberdiek/epstopdf-base.sty
Package: epstopdf-base 2016/05/15 v2.6 Base part for package epstopdf

(/usr/local/texlive/2018/texmf-dist/tex/latex/oberdiek/grfext.sty
Package: grfext 2016/05/16 v1.2 Manage graphics extensions (HO)
)
Package epstopdf-base Info: Redefining graphics rule for `.eps' on input line 4
38.
Package grfext Info: Graphics extension search list:
(grfext)             [.pdf,.png,.jpg,.mps,.jpeg,.jbig2,.jb2,.PDF,.PNG,.JPG,.JPE
G,.JBIG2,.JB2,.eps]
(grfext)             \AppendGraphicsExtensions on input line 456.

(/usr/local/texlive/2018/texmf-dist/tex/latex/latexconfig/epstopdf-sys.cfg
File: epstopdf-sys.cfg 2010/07/13 v1.3 Configuration of (r)epstopdf for TeX Liv
e
))
\c@lstlisting=\count125
<./images/120.png, id=28, 578.16pt x 433.62pt>
File: ./images/120.png Graphic file (type png)
<use ./images/120.png>
Package pdftex.def Info: ./images/120.png  used on input line 51.
(pdftex.def)             Requested size: 345.0pt x 258.74484pt.
LaTeX Font Info:    Try loading font information for OMS+cmr on input line 52.

(/usr/local/texlive/2018/texmf-dist/tex/latex/base/omscmr.fd
File: omscmr.fd 2014/09/29 v2.5h Standard LaTeX font definitions
)
LaTeX Font Info:    Font shape `OMS/cmr/m/n' in size <10> not available
(Font)              Font shape `OMS/cmsy/m/n' tried instead on input line 52.
<./images/300.png, id=30, 578.16pt x 433.62pt>
File: ./images/300.png Graphic file (type png)
<use ./images/300.png>
Package pdftex.def Info: ./images/300.png  used on input line 58.
(pdftex.def)             Requested size: 345.0pt x 258.74484pt.


LaTeX Warning: `!h' float specifier changed to `!ht'.


Underfull \hbox (badness 10000) in paragraph at lines 64--66

 []

[1

{/usr/local/texlive/2018/texmf-var/fonts/map/pdftex/updmap/pdftex.map} <./image
s/120.png>]
(/usr/local/texlive/2018/texmf-dist/tex/latex/listings/lstlang1.sty
File: lstlang1.sty 2015/06/04 1.6 listings language file
)
Package hyperref Info: bookmark level for unknown lstlisting defaults to 0 on i
nput line 68.
 [2 <./images/300.png>]
LaTeX Font Info:    Font shape `OMS/cmr/m/n' in size <8> not available
(Font)              Font shape `OMS/cmsy/m/n' tried instead on input line 102.
 [3] [4]
Underfull \hbox (badness 10000) in paragraph at lines 174--175

 []


Underfull \hbox (badness 10000) in paragraph at lines 176--177

 []


Underfull \hbox (badness 10000) in paragraph at lines 178--179

 []


Underfull \hbox (badness 10000) in paragraph at lines 180--181

 []


Underfull \hbox (badness 10000) in paragraph at lines 182--183

 []


Underfull \hbox (badness 10000) in paragraph at lines 184--185

 []


Underfull \hbox (badness 10000) in paragraph at lines 186--187

 []

<./images/spectra_a.png, id=155, 578.16pt x 433.62pt>
File: ./images/spectra_a.png Graphic file (type png)
<use ./images/spectra_a.png>
Package pdftex.def Info: ./images/spectra_a.png  used on input line 196.
(pdftex.def)             Requested size: 345.0pt x 258.74484pt.

LaTeX Warning: `!h' float specifier changed to `!ht'.

<./images/spectra_n.png, id=156, 578.16pt x 433.62pt>
File: ./images/spectra_n.png Graphic file (type png)
<use ./images/spectra_n.png>
Package pdftex.def Info: ./images/spectra_n.png  used on input line 203.
(pdftex.def)             Requested size: 345.0pt x 258.74484pt.

LaTeX Warning: `!h' float specifier changed to `!ht'.

<./images/spectra_i.png, id=157, 578.16pt x 433.62pt>
File: ./images/spectra_i.png Graphic file (type png)
<use ./images/spectra_i.png>
Package pdftex.def Info: ./images/spectra_i.png  used on input line 212.
(pdftex.def)             Requested size: 345.0pt x 258.74484pt.

LaTeX Warning: `!h' float specifier changed to `!ht'.

<./images/spectra_s.png, id=158, 1300.86pt x 780.516pt>
File: ./images/spectra_s.png Graphic file (type png)
<use ./images/spectra_s.png>
Package pdftex.def Info: ./images/spectra_s.png  used on input line 219.
(pdftex.def)             Requested size: 345.0pt x 206.99059pt.

LaTeX Warning: `!h' float specifier changed to `!ht'.

[5]
<./images/a_pole-zero_6_.png, id=166, 578.16pt x 433.62pt>
File: ./images/a_pole-zero_6_.png Graphic file (type png)
<use ./images/a_pole-zero_6_.png>
Package pdftex.def Info: ./images/a_pole-zero_6_.png  used on input line 230.
(pdftex.def)             Requested size: 345.0pt x 258.74484pt.


LaTeX Warning: `!h' float specifier changed to `!ht'.

<./images/a_pole-zero_10_.png, id=167, 578.16pt x 433.62pt>
File: ./images/a_pole-zero_10_.png Graphic file (type png)
<use ./images/a_pole-zero_10_.png>
Package pdftex.def Info: ./images/a_pole-zero_10_.png  used on input line 237.
(pdftex.def)             Requested size: 345.0pt x 258.74484pt.

LaTeX Warning: `!h' float specifier changed to `!ht'.

<./images/n_pole-zero_6_.png, id=168, 578.16pt x 433.62pt>
File: ./images/n_pole-zero_6_.png Graphic file (type png)
<use ./images/n_pole-zero_6_.png>
Package pdftex.def Info: ./images/n_pole-zero_6_.png  used on input line 246.
(pdftex.def)             Requested size: 345.0pt x 258.74484pt.

LaTeX Warning: `!h' float specifier changed to `!ht'.

<./images/n_pole-zero_10_.png, id=169, 578.16pt x 433.62pt>
File: ./images/n_pole-zero_10_.png Graphic file (type png)
<use ./images/n_pole-zero_10_.png>
Package pdftex.def Info: ./images/n_pole-zero_10_.png  used on input line 253.
(pdftex.def)             Requested size: 345.0pt x 258.74484pt.

LaTeX Warning: `!h' float specifier changed to `!ht'.

<./images/i_pole-zero_6_.png, id=170, 578.16pt x 433.62pt>
File: ./images/i_pole-zero_6_.png Graphic file (type png)
<use ./images/i_pole-zero_6_.png>
Package pdftex.def Info: ./images/i_pole-zero_6_.png  used on input line 262.
(pdftex.def)             Requested size: 345.0pt x 258.74484pt.

LaTeX Warning: `!h' float specifier changed to `!ht'.

<./images/i_pole-zero_10_.png, id=171, 578.16pt x 433.62pt>
File: ./images/i_pole-zero_10_.png Graphic file (type png)
<use ./images/i_pole-zero_10_.png>
Package pdftex.def Info: ./images/i_pole-zero_10_.png  used on input line 269.
(pdftex.def)             Requested size: 345.0pt x 258.74484pt.

LaTeX Warning: `!h' float specifier changed to `!ht'.

<./images/s_pole-zero_12_.png, id=172, 578.16pt x 433.62pt>
File: ./images/s_pole-zero_12_.png Graphic file (type png)
<use ./images/s_pole-zero_12_.png>
Package pdftex.def Info: ./images/s_pole-zero_12_.png  used on input line 278.
(pdftex.def)             Requested size: 345.0pt x 258.74484pt.

LaTeX Warning: `!h' float specifier changed to `!ht'.

<./images/s_pole-zero_20_.png, id=173, 578.16pt x 433.62pt>
File: ./images/s_pole-zero_20_.png Graphic file (type png)
<use ./images/s_pole-zero_20_.png>
Package pdftex.def Info: ./images/s_pole-zero_20_.png  used on input line 285.
(pdftex.def)             Requested size: 345.0pt x 258.74484pt.

LaTeX Warning: `!h' float specifier changed to `!ht'.

[6 <./images/spectra_a.png>]
<./images/gain_a.png, id=180, 578.16pt x 433.62pt>
File: ./images/gain_a.png Graphic file (type png)
<use ./images/gain_a.png>
Package pdftex.def Info: ./images/gain_a.png  used on input line 309.
(pdftex.def)             Requested size: 345.0pt x 258.74484pt.


LaTeX Warning: `!h' float specifier changed to `!ht'.

<./images/gain_n.png, id=181, 578.16pt x 433.62pt>
File: ./images/gain_n.png Graphic file (type png)
<use ./images/gain_n.png>
Package pdftex.def Info: ./images/gain_n.png  used on input line 332.
(pdftex.def)             Requested size: 345.0pt x 258.74484pt.

LaTeX Warning: `!h' float specifier changed to `!ht'.

[7 <./images/spectra_n.png>] [8 <./images/spectra_i.png> <./images/spectra_s.pn
g>]
<./images/gain_i.png, id=197, 578.16pt x 433.62pt>
File: ./images/gain_i.png Graphic file (type png)
<use ./images/gain_i.png>
Package pdftex.def Info: ./images/gain_i.png  used on input line 351.
(pdftex.def)             Requested size: 345.0pt x 258.74484pt.


LaTeX Warning: `!h' float specifier changed to `!ht'.

<./images/gain_s.png, id=198, 578.16pt x 433.62pt>
File: ./images/gain_s.png Graphic file (type png)
<use ./images/gain_s.png>
Package pdftex.def Info: ./images/gain_s.png  used on input line 370.
(pdftex.def)             Requested size: 345.0pt x 258.74484pt.

LaTeX Warning: `!h' float specifier changed to `!ht'.

[9 <./images/a_pole-zero_6_.png>]
<./images/error_energy_a.png, id=205, 578.16pt x 433.62pt>
File: ./images/error_energy_a.png Graphic file (type png)
<use ./images/error_energy_a.png>
Package pdftex.def Info: ./images/error_energy_a.png  used on input line 382.
(pdftex.def)             Requested size: 345.0pt x 258.74484pt.


LaTeX Warning: `!h' float specifier changed to `!ht'.

<./images/error_energy_n.png, id=206, 578.16pt x 433.62pt>
File: ./images/error_energy_n.png Graphic file (type png)
<use ./images/error_energy_n.png>
Package pdftex.def Info: ./images/error_energy_n.png  used on input line 389.
(pdftex.def)             Requested size: 345.0pt x 258.74484pt.

LaTeX Warning: `!h' float specifier changed to `!ht'.

<./images/error_energy_i.png, id=207, 578.16pt x 433.62pt>
File: ./images/error_energy_i.png Graphic file (type png)
<use ./images/error_energy_i.png>
Package pdftex.def Info: ./images/error_energy_i.png  used on input line 398.
(pdftex.def)             Requested size: 345.0pt x 258.74484pt.

LaTeX Warning: `!h' float specifier changed to `!ht'.

<./images/error_energy_s.png, id=208, 578.16pt x 433.62pt>
File: ./images/error_energy_s.png Graphic file (type png)
<use ./images/error_energy_s.png>
Package pdftex.def Info: ./images/error_energy_s.png  used on input line 405.
(pdftex.def)             Requested size: 345.0pt x 258.74484pt.

LaTeX Warning: `!h' float specifier changed to `!ht'.

[10 <./images/a_pole-zero_10_.png>]
<./images/res_signal_a.png, id=215, 578.16pt x 433.62pt>
File: ./images/res_signal_a.png Graphic file (type png)
<use ./images/res_signal_a.png>
Package pdftex.def Info: ./images/res_signal_a.png  used on input line 421.
(pdftex.def)             Requested size: 345.0pt x 258.74484pt.


LaTeX Warning: `!h' float specifier changed to `!ht'.

<./images/res_sig_s.png, id=216, 578.16pt x 433.62pt>
File: ./images/res_sig_s.png Graphic file (type png)
<use ./images/res_sig_s.png>
Package pdftex.def Info: ./images/res_sig_s.png  used on input line 428.
(pdftex.def)             Requested size: 345.0pt x 258.74484pt.

LaTeX Warning: `!h' float specifier changed to `!ht'.

<./images/res_autocorr_a.png, id=217, 578.16pt x 433.62pt>
File: ./images/res_autocorr_a.png Graphic file (type png)
<use ./images/res_autocorr_a.png>
Package pdftex.def Info: ./images/res_autocorr_a.png  used on input line 437.
(pdftex.def)             Requested size: 345.0pt x 258.74484pt.

LaTeX Warning: `!h' float specifier changed to `!ht'.

<./images/res_autocorr_s.png, id=218, 578.16pt x 433.62pt>
File: ./images/res_autocorr_s.png Graphic file (type png)
<use ./images/res_autocorr_s.png>
Package pdftex.def Info: ./images/res_autocorr_s.png  used on input line 444.
(pdftex.def)             Requested size: 345.0pt x 258.74484pt.

LaTeX Warning: `!h' float specifier changed to `!ht'.

<./images/res_spec_a.png, id=219, 578.16pt x 433.62pt>
File: ./images/res_spec_a.png Graphic file (type png)
<use ./images/res_spec_a.png>
Package pdftex.def Info: ./images/res_spec_a.png  used on input line 455.
(pdftex.def)             Requested size: 345.0pt x 258.74484pt.

LaTeX Warning: `!h' float specifier changed to `!ht'.

<./images/res_spec_s.png, id=220, 578.16pt x 433.62pt>
File: ./images/res_spec_s.png Graphic file (type png)
<use ./images/res_spec_s.png>
Package pdftex.def Info: ./images/res_spec_s.png  used on input line 462.
(pdftex.def)             Requested size: 345.0pt x 258.74484pt.

LaTeX Warning: `!h' float specifier changed to `!ht'.

Package atveryend Info: Empty hook `BeforeClearDocument' on input line 468.
[11 <./images/n_pole-zero_6_.png>] [12 <./images/n_pole-zero_10_.png> <./images
/i_pole-zero_6_.png>] [13 <./images/i_pole-zero_10_.png> <./images/s_pole-zero_
12_.png>] [14 <./images/s_pole-zero_20_.png> <./images/gain_a.png>] [15 <./imag
es/gain_n.png> <./images/gain_i.png>] [16 <./images/gain_s.png> <./images/error
_energy_a.png>] [17 <./images/error_energy_n.png> <./images/error_energy_i.png>
] [18 <./images/error_energy_s.png> <./images/res_signal_a.png>] [19 <./images/
res_sig_s.png> <./images/res_autocorr_a.png>] [20 <./images/res_autocorr_s.png>
 <./images/res_spec_a.png>] [21 <./images/res_spec_s.png>]
Package atveryend Info: Empty hook `AfterLastShipout' on input line 468.
 (./main.aux)
Package atveryend Info: Executing hook `AtVeryEndDocument' on input line 468.
Package atveryend Info: Executing hook `AtEndAfterFileList' on input line 468.
Package rerunfilecheck Info: File `main.out' has not changed.
(rerunfilecheck)             Checksum: 0638A033D3BB25524CA9A3E85B365DFB;298.


LaTeX Warning: There were multiply-defined labels.

Package atveryend Info: Empty hook `AtVeryVeryEnd' on input line 468.
 ) 
Here is how much of TeX's memory you used:
 7763 strings out of 492649
 111097 string characters out of 6129622
 398327 words of memory out of 5000000
 11416 multiletter control sequences out of 15000+600000
 9369 words of font info for 34 fonts, out of 8000000 for 9000
 1141 hyphenation exceptions out of 8191
 28i,6n,42p,678b,1906s stack positions out of 5000i,500n,10000p,200000b,80000s
</usr/local/texlive/2018/texmf-dist/fonts/type1/public/amsfonts/cm/cmbx10.pfb
></usr/local/texlive/2018/texmf-dist/fonts/type1/public/amsfonts/cm/cmbx12.pfb>
</usr/local/texlive/2018/texmf-dist/fonts/type1/public/amsfonts/cm/cmmi10.pfb><
/usr/local/texlive/2018/texmf-dist/fonts/type1/public/amsfonts/cm/cmr10.pfb></u
sr/local/texlive/2018/texmf-dist/fonts/type1/public/amsfonts/cm/cmr12.pfb></usr
/local/texlive/2018/texmf-dist/fonts/type1/public/amsfonts/cm/cmr17.pfb></usr/l
ocal/texlive/2018/texmf-dist/fonts/type1/public/amsfonts/cm/cmr5.pfb></usr/loca
l/texlive/2018/texmf-dist/fonts/type1/public/amsfonts/cm/cmr8.pfb></usr/local/t
exlive/2018/texmf-dist/fonts/type1/public/amsfonts/cm/cmsy10.pfb></usr/local/te
xlive/2018/texmf-dist/fonts/type1/public/amsfonts/cm/cmsy8.pfb></usr/local/texl
ive/2018/texmf-dist/fonts/type1/public/amsfonts/cm/cmti10.pfb>
Output written on main.pdf (21 pages, 1410199 bytes).
PDF statistics:
 377 PDF objects out of 1000 (max. 8388607)
 284 compressed objects within 3 object streams
 150 named destinations out of 1000 (max. 500000)
 189 words of extra memory for PDF output out of 10000 (max. 10000000)

